  Symbol name  : @RtlActivateActivationContextUnsafeFast@8
  Symbol name  : @RtlDeactivateActivationContextUnsafeFast@4
  Symbol name  : @RtlInterlockedPushListSList@16
  Symbol name  : @RtlUlongByteSwap@4
  Symbol name  : @RtlUlonglongByteSwap@8
  Symbol name  : @RtlUshortByteSwap@4
  Symbol name  : _AlpcAdjustCompletionListConcurrencyCount@8
  Symbol name  : _AlpcFreeCompletionListMessage@8
  Symbol name  : _AlpcGetCompletionListLastMessageInformation@12
  Symbol name  : _AlpcGetCompletionListMessageAttributes@8
  Symbol name  : _AlpcGetHeaderSize@4
  Symbol name  : _AlpcGetMessageAttribute@8
  Symbol name  : _AlpcGetMessageFromCompletionList@8
  Symbol name  : _AlpcGetOutstandingCompletionListMessageCount@4
  Symbol name  : _AlpcInitializeMessageAttribute@16
  Symbol name  : _AlpcMaxAllowedMessageLength@0
  Symbol name  : _AlpcRegisterCompletionList@20
  Symbol name  : _AlpcRegisterCompletionListWorkerThread@4
  Symbol name  : _AlpcRundownCompletionList@4
  Symbol name  : _AlpcUnregisterCompletionList@4
  Symbol name  : _AlpcUnregisterCompletionListWorkerThread@4
  Symbol name  : _CsrAllocateCaptureBuffer@8
  Symbol name  : _CsrAllocateMessagePointer@12
  Symbol name  : _CsrCaptureMessageBuffer@16
  Symbol name  : _CsrCaptureMessageMultiUnicodeStringsInPlace@12
  Symbol name  : _CsrCaptureMessageString@20
  Symbol name  : _CsrCaptureTimeout@8
  Symbol name  : _CsrClientCallServer@16
  Symbol name  : _CsrClientConnectToServer@20
  Symbol name  : _CsrFreeCaptureBuffer@4
  Symbol name  : _CsrGetProcessId@0
  Symbol name  : _CsrIdentifyAlertableThread@0
  Symbol name  : _CsrSetPriorityClass@8
  Symbol name  : _CsrVerifyRegion@8
  Symbol name  : _DbgBreakPoint@0
  Symbol name  : _DbgPrint
  Symbol name  : _DbgPrintEx
  Symbol name  : _DbgPrintReturnControlC
  Symbol name  : _DbgPrompt@12
  Symbol name  : _DbgQueryDebugFilterState@8
  Symbol name  : _DbgSetDebugFilterState@12
  Symbol name  : _DbgUiConnectToDbg@0
  Symbol name  : _DbgUiContinue@8
  Symbol name  : _DbgUiConvertStateChangeStructure@8
  Symbol name  : _DbgUiDebugActiveProcess@4
  Symbol name  : _DbgUiGetThreadDebugObject@0
  Symbol name  : _DbgUiIssueRemoteBreakin@4
  Symbol name  : _DbgUiRemoteBreakin@4
  Symbol name  : _DbgUiSetThreadDebugObject@4
  Symbol name  : _DbgUiStopDebugging@4
  Symbol name  : _DbgUiWaitStateChange@8
  Symbol name  : _DbgUserBreakPoint@0
  Symbol name  : _EtwCreateTraceInstanceId@8
  Symbol name  : _EtwDeliverDataBlock@4
  Symbol name  : _EtwEnumerateProcessRegGuids@12
  Symbol name  : _EtwEventActivityIdControl@8
  Symbol name  : _EtwEventEnabled@12
  Symbol name  : _EtwEventProviderEnabled@20
  Symbol name  : _EtwEventRegister@16
  Symbol name  : _EtwEventUnregister@8
  Symbol name  : _EtwEventWrite@20
  Symbol name  : _EtwEventWriteEndScenario@20
  Symbol name  : _EtwEventWriteEx@40
  Symbol name  : _EtwEventWriteFull@32
  Symbol name  : _EtwEventWriteNoRegistration@16
  Symbol name  : _EtwEventWriteStartScenario@20
  Symbol name  : _EtwEventWriteString@24
  Symbol name  : _EtwEventWriteTransfer@28
  Symbol name  : _EtwGetTraceEnableFlags@8
  Symbol name  : _EtwGetTraceEnableLevel@8
  Symbol name  : _EtwGetTraceLoggerHandle@4
  Symbol name  : _EtwLogTraceEvent@12
  Symbol name  : _EtwNotificationRegister@20
  Symbol name  : _EtwNotificationUnregister@12
  Symbol name  : _EtwpCreateEtwThread@8
  Symbol name  : _EtwpGetCpuSpeed@8
  Symbol name  : _EtwProcessPrivateLoggerRequest@4
  Symbol name  : _EtwRegisterSecurityProvider@0
  Symbol name  : _EtwRegisterTraceGuidsA@32
  Symbol name  : _EtwRegisterTraceGuidsW@32
  Symbol name  : _EtwReplyNotification@4
  Symbol name  : _EtwSendNotification@20
  Symbol name  : _EtwTraceEventInstance@20
  Symbol name  : _EtwTraceMessage
  Symbol name  : _EtwTraceMessageVa@24
  Symbol name  : _EtwUnregisterTraceGuids@8
  Symbol name  : _EtwWriteUMSecurityEvent@16
  Symbol name  : _EvtIntReportAuthzEventAndSourceAsync@44
  Symbol name  : _EvtIntReportEventAndSourceAsync@44
  Symbol name  : _LdrAccessResource@16
  Symbol name  : _LdrAddLoadAsDataTable@20
  Symbol name  : _LdrAddRefDll@8
  Symbol name  : _LdrDisableThreadCalloutsForDll@4
  Symbol name  : _LdrEnumerateLoadedModules@12
  Symbol name  : _LdrEnumResources@20
  Symbol name  : _LdrFindEntryForAddress@8
  Symbol name  : _LdrFindResource_U@16
  Symbol name  : _LdrFindResourceDirectory_U@16
  Symbol name  : _LdrFindResourceEx_U@20
  Symbol name  : _LdrFlushAlternateResourceModules@0
  Symbol name  : _LdrGetDllHandle@16
  Symbol name  : _LdrGetDllHandleByMapping@8
  Symbol name  : _LdrGetDllHandleByName@12
  Symbol name  : _LdrGetDllHandleEx@20
  Symbol name  : _LdrGetFileNameFromLoadAsDataTable@8
  Symbol name  : _LdrGetProcedureAddress@16
  Symbol name  : _LdrGetProcedureAddressEx@20
  Symbol name  : _LdrInitShimEngineDynamic@4
  Symbol name  : _LdrLoadAlternateResourceModule@16
  Symbol name  : _LdrLoadAlternateResourceModuleEx@20
  Symbol name  : _LdrLoadDll@16
  Symbol name  : _LdrLockLoaderLock@12
  Symbol name  : _LdrOpenImageFileOptionsKey@12
  Symbol name  : _LdrpResGetMappingSize@16
  Symbol name  : _LdrpResGetResourceDirectory@20
  Symbol name  : _LdrProcessRelocationBlock@16
  Symbol name  : _LdrQueryImageFileExecutionOptions@24
  Symbol name  : _LdrQueryImageFileExecutionOptionsEx@28
  Symbol name  : _LdrQueryImageFileKeyOption@24
  Symbol name  : _LdrQueryModuleServiceTags@12
  Symbol name  : _LdrQueryProcessModuleInformation@12
  Symbol name  : _LdrRemoveLoadAsDataTable@16
  Symbol name  : _LdrResFindResource@36
  Symbol name  : _LdrResFindResourceDirectory@28
  Symbol name  : _LdrResRelease@12
  Symbol name  : _LdrResSearchResource@32
  Symbol name  : _LdrSetAppCompatDllRedirectionCallback@12
  Symbol name  : _LdrSetDllManifestProber@12
  Symbol name  : _LdrSetMUICacheType@4
  Symbol name  : _LdrShutdownProcess@0
  Symbol name  : _LdrShutdownThread@0
  Symbol name  : _LdrUnloadAlternateResourceModule@4
  Symbol name  : _LdrUnloadAlternateResourceModuleEx@8
  Symbol name  : _LdrUnloadDll@4
  Symbol name  : _LdrUnlockLoaderLock@8
  Symbol name  : _LdrVerifyImageMatchesChecksum@16
  Symbol name  : _LdrVerifyImageMatchesChecksumEx@8
  Symbol name  : _NlsAnsiCodePage
  Symbol name  : _NlsMbCodePageTag
  Symbol name  : _NlsMbOemCodePageTag
  Symbol name  : _NtAcceptConnectPort@24
  Symbol name  : _NtAccessCheck@32
  Symbol name  : _NtAccessCheckAndAuditAlarm@44
  Symbol name  : _NtAccessCheckByType@44
  Symbol name  : _NtAccessCheckByTypeAndAuditAlarm@64
  Symbol name  : _NtAccessCheckByTypeResultList@44
  Symbol name  : _NtAccessCheckByTypeResultListAndAuditAlarm@64
  Symbol name  : _NtAccessCheckByTypeResultListAndAuditAlarmByHandle@68
  Symbol name  : _NtAddAtom@12
  Symbol name  : _NtAddBootEntry@8
  Symbol name  : _NtAddDriverEntry@8
  Symbol name  : _NtAdjustGroupsToken@24
  Symbol name  : _NtAdjustPrivilegesToken@24
  Symbol name  : _NtAlertResumeThread@8
  Symbol name  : _NtAlertThread@4
  Symbol name  : _NtAllocateLocallyUniqueId@4
  Symbol name  : _NtAllocateReserveObject@12
  Symbol name  : _NtAllocateUserPhysicalPages@12
  Symbol name  : _NtAllocateUuids@16
  Symbol name  : _NtAllocateVirtualMemory@24
  Symbol name  : _NtAlpcAcceptConnectPort@36
  Symbol name  : _NtAlpcCancelMessage@12
  Symbol name  : _NtAlpcConnectPort@44
  Symbol name  : _NtAlpcCreatePort@12
  Symbol name  : _NtAlpcCreatePortSection@24
  Symbol name  : _NtAlpcCreateResourceReserve@16
  Symbol name  : _NtAlpcCreateSectionView@12
  Symbol name  : _NtAlpcCreateSecurityContext@12
  Symbol name  : _NtAlpcDeletePortSection@12
  Symbol name  : _NtAlpcDeleteResourceReserve@12
  Symbol name  : _NtAlpcDeleteSectionView@12
  Symbol name  : _NtAlpcDeleteSecurityContext@12
  Symbol name  : _NtAlpcDisconnectPort@8
  Symbol name  : _NtAlpcImpersonateClientOfPort@12
  Symbol name  : _NtAlpcOpenSenderProcess@24
  Symbol name  : _NtAlpcOpenSenderThread@24
  Symbol name  : _NtAlpcQueryInformation@20
  Symbol name  : _NtAlpcQueryInformationMessage@24
  Symbol name  : _NtAlpcRevokeSecurityContext@12
  Symbol name  : _NtAlpcSendWaitReceivePort@32
  Symbol name  : _NtAlpcSetInformation@16
  Symbol name  : _NtApphelpCacheControl@8
  Symbol name  : _NtAreMappedFilesTheSame@8
  Symbol name  : _NtAssignProcessToJobObject@8
  Symbol name  : _NtCallbackReturn@12
  Symbol name  : _NtCancelIoFile@8
  Symbol name  : _NtCancelIoFileEx@12
  Symbol name  : _NtCancelSynchronousIoFile@12
  Symbol name  : _NtCancelTimer@8
  Symbol name  : _NtClearEvent@4
  Symbol name  : _NtClose@4
  Symbol name  : _NtCloseObjectAuditAlarm@12
  Symbol name  : _NtCommitComplete@8
  Symbol name  : _NtCommitEnlistment@8
  Symbol name  : _NtCommitTransaction@8
  Symbol name  : _NtCompactKeys@8
  Symbol name  : _NtCompareTokens@12
  Symbol name  : _NtCompleteConnectPort@4
  Symbol name  : _NtCompressKey@4
  Symbol name  : _NtConnectPort@32
  Symbol name  : _NtContinue@8
  Symbol name  : _NtCreateDebugObject@16
  Symbol name  : _NtCreateDirectoryObject@12
  Symbol name  : _NtCreateEnlistment@32
  Symbol name  : _NtCreateEvent@20
  Symbol name  : _NtCreateEventPair@12
  Symbol name  : _NtCreateFile@44
  Symbol name  : _NtCreateIoCompletion@16
  Symbol name  : _NtCreateJobObject@12
  Symbol name  : _NtCreateJobSet@12
  Symbol name  : _NtCreateKey@28
  Symbol name  : _NtCreateKeyedEvent@16
  Symbol name  : _NtCreateKeyTransacted@32
  Symbol name  : _NtCreateMailslotFile@32
  Symbol name  : _NtCreateMutant@16
  Symbol name  : _NtCreateNamedPipeFile@56
  Symbol name  : _NtCreatePagingFile@16
  Symbol name  : _NtCreatePort@20
  Symbol name  : _NtCreatePrivateNamespace@16
  Symbol name  : _NtCreateProcess@32
  Symbol name  : _NtCreateProcessEx@36
  Symbol name  : _NtCreateProfile@36
  Symbol name  : _NtCreateProfileEx@40
  Symbol name  : _NtCreateResourceManager@28
  Symbol name  : _NtCreateSection@28
  Symbol name  : _NtCreateSemaphore@20
  Symbol name  : _NtCreateSymbolicLinkObject@16
  Symbol name  : _NtCreateThread@32
  Symbol name  : _NtCreateThreadEx@44
  Symbol name  : _NtCreateTimer@16
  Symbol name  : _NtCreateToken@52
  Symbol name  : _NtCreateTransaction@40
  Symbol name  : _NtCreateTransactionManager@24
  Symbol name  : _NtCreateUserProcess@44
  Symbol name  : _NtCreateWaitablePort@20
  Symbol name  : _NtCreateWorkerFactory@40
  Symbol name  : _NtCurrentTeb@0
  Symbol name  : _NtDebugActiveProcess@8
  Symbol name  : _NtDebugContinue@12
  Symbol name  : _NtDelayExecution@8
  Symbol name  : _NtDeleteAtom@4
  Symbol name  : _NtDeleteBootEntry@4
  Symbol name  : _NtDeleteDriverEntry@4
  Symbol name  : _NtDeleteFile@4
  Symbol name  : _NtDeleteKey@4
  Symbol name  : _NtDeleteObjectAuditAlarm@12
  Symbol name  : _NtDeletePrivateNamespace@4
  Symbol name  : _NtDeleteValueKey@8
  Symbol name  : _NtDeviceIoControlFile@40
  Symbol name  : _NtDisableLastKnownGood@0
  Symbol name  : _NtDisplayString@4
  Symbol name  : _NtDrawText@4
  Symbol name  : _NtDuplicateObject@28
  Symbol name  : _NtDuplicateToken@24
  Symbol name  : _NtEnableLastKnownGood@0
  Symbol name  : _NtEnumerateBootEntries@8
  Symbol name  : _NtEnumerateDriverEntries@8
  Symbol name  : _NtEnumerateKey@24
  Symbol name  : _NtEnumerateSystemEnvironmentValuesEx@12
  Symbol name  : _NtEnumerateTransactionObject@20
  Symbol name  : _NtEnumerateValueKey@24
  Symbol name  : _NtExtendSection@8
  Symbol name  : _NtFilterToken@24
  Symbol name  : _NtFindAtom@12
  Symbol name  : _NtFlushBuffersFile@8
  Symbol name  : _NtFlushInstallUILanguage@8
  Symbol name  : _NtFlushInstructionCache@12
  Symbol name  : _NtFlushKey@4
  Symbol name  : _NtFlushProcessWriteBuffers@0
  Symbol name  : _NtFlushVirtualMemory@16
  Symbol name  : _NtFlushWriteBuffer@0
  Symbol name  : _NtFreeUserPhysicalPages@12
  Symbol name  : _NtFreeVirtualMemory@16
  Symbol name  : _NtFreezeRegistry@4
  Symbol name  : _NtFreezeTransactions@8
  Symbol name  : _NtFsControlFile@40
  Symbol name  : _NtGetContextThread@8
  Symbol name  : _NtGetCurrentProcessorNumber@0
  Symbol name  : _NtGetDevicePowerState@8
  Symbol name  : _NtGetMUIRegistryInfo@12
  Symbol name  : _NtGetNextProcess@20
  Symbol name  : _NtGetNextThread@24
  Symbol name  : _NtGetNlsSectionPtr@20
  Symbol name  : _NtGetNotificationResourceManager@28
  Symbol name  : _NtGetPlugPlayEvent@16
  Symbol name  : _NtGetTickCount@0
  Symbol name  : _NtGetWriteWatch@28
  Symbol name  : _NtImpersonateAnonymousToken@4
  Symbol name  : _NtImpersonateClientOfPort@8
  Symbol name  : _NtImpersonateThread@12
  Symbol name  : _NtInitializeNlsFiles@12
  Symbol name  : _NtInitializeRegistry@4
  Symbol name  : _NtInitiatePowerAction@16
  Symbol name  : _NtIsProcessInJob@8
  Symbol name  : _NtIsSystemResumeAutomatic@0
  Symbol name  : _NtIsUILanguageComitted@0
  Symbol name  : _NtListenPort@8
  Symbol name  : _NtLoadDriver@4
  Symbol name  : _NtLoadKey@8
  Symbol name  : _NtLoadKey2@12
  Symbol name  : _NtLoadKeyEx@32
  Symbol name  : _NtLockFile@40
  Symbol name  : _NtLockProductActivationKeys@8
  Symbol name  : _NtLockRegistryKey@4
  Symbol name  : _NtLockVirtualMemory@16
  Symbol name  : _NtMakePermanentObject@4
  Symbol name  : _NtMakeTemporaryObject@4
  Symbol name  : _NtMapCMFModule@24
  Symbol name  : _NtMapUserPhysicalPages@12
  Symbol name  : _NtMapUserPhysicalPagesScatter@12
  Symbol name  : _NtMapViewOfSection@40
  Symbol name  : _NtModifyBootEntry@4
  Symbol name  : _NtModifyDriverEntry@4
  Symbol name  : _NtNotifyChangeDirectoryFile@36
  Symbol name  : _NtNotifyChangeKey@40
  Symbol name  : _NtNotifyChangeMultipleKeys@48
  Symbol name  : _NtNotifyChangeSession@32
  Symbol name  : _NtOpenDirectoryObject@12
  Symbol name  : _NtOpenEnlistment@20
  Symbol name  : _NtOpenEvent@12
  Symbol name  : _NtOpenEventPair@12
  Symbol name  : _NtOpenFile@24
  Symbol name  : _NtOpenIoCompletion@12
  Symbol name  : _NtOpenJobObject@12
  Symbol name  : _NtOpenKey@12
  Symbol name  : _NtOpenKeyedEvent@12
  Symbol name  : _NtOpenKeyEx@16
  Symbol name  : _NtOpenKeyTransacted@16
  Symbol name  : _NtOpenKeyTransactedEx@20
  Symbol name  : _NtOpenMutant@12
  Symbol name  : _NtOpenObjectAuditAlarm@48
  Symbol name  : _NtOpenPrivateNamespace@16
  Symbol name  : _NtOpenProcess@16
  Symbol name  : _NtOpenProcessToken@12
  Symbol name  : _NtOpenProcessTokenEx@16
  Symbol name  : _NtOpenResourceManager@20
  Symbol name  : _NtOpenSection@12
  Symbol name  : _NtOpenSemaphore@12
  Symbol name  : _NtOpenSession@12
  Symbol name  : _NtOpenSymbolicLinkObject@12
  Symbol name  : _NtOpenThread@16
  Symbol name  : _NtOpenThreadToken@16
  Symbol name  : _NtOpenThreadTokenEx@20
  Symbol name  : _NtOpenTimer@12
  Symbol name  : _NtOpenTransaction@20
  Symbol name  : _NtOpenTransactionManager@24
  Symbol name  : _NtPlugPlayControl@12
  Symbol name  : _NtPowerInformation@20
  Symbol name  : _NtPrepareComplete@8
  Symbol name  : _NtPrepareEnlistment@8
  Symbol name  : _NtPrePrepareComplete@8
  Symbol name  : _NtPrePrepareEnlistment@8
  Symbol name  : _NtPrivilegeCheck@12
  Symbol name  : _NtPrivilegedServiceAuditAlarm@20
  Symbol name  : _NtPrivilegeObjectAuditAlarm@24
  Symbol name  : _NtPropagationComplete@16
  Symbol name  : _NtPropagationFailed@12
  Symbol name  : _NtProtectVirtualMemory@20
  Symbol name  : _NtPulseEvent@8
  Symbol name  : _NtQueryAttributesFile@8
  Symbol name  : _NtQueryBootEntryOrder@8
  Symbol name  : _NtQueryBootOptions@8
  Symbol name  : _NtQueryDebugFilterState@8
  Symbol name  : _NtQueryDefaultLocale@8
  Symbol name  : _NtQueryDefaultUILanguage@4
  Symbol name  : _NtQueryDirectoryFile@44
  Symbol name  : _NtQueryDirectoryObject@28
  Symbol name  : _NtQueryDriverEntryOrder@8
  Symbol name  : _NtQueryEaFile@36
  Symbol name  : _NtQueryEvent@20
  Symbol name  : _NtQueryFullAttributesFile@8
  Symbol name  : _NtQueryInformationAtom@20
  Symbol name  : _NtQueryInformationEnlistment@20
  Symbol name  : _NtQueryInformationFile@20
  Symbol name  : _NtQueryInformationJobObject@20
  Symbol name  : _NtQueryInformationPort@20
  Symbol name  : _NtQueryInformationProcess@20
  Symbol name  : _NtQueryInformationResourceManager@20
  Symbol name  : _NtQueryInformationThread@20
  Symbol name  : _NtQueryInformationToken@20
  Symbol name  : _NtQueryInformationTransaction@20
  Symbol name  : _NtQueryInformationTransactionManager@20
  Symbol name  : _NtQueryInformationWorkerFactory@20
  Symbol name  : _NtQueryInstallUILanguage@4
  Symbol name  : _NtQueryIntervalProfile@8
  Symbol name  : _NtQueryIoCompletion@20
  Symbol name  : _NtQueryKey@20
  Symbol name  : _NtQueryLicenseValue@20
  Symbol name  : _NtQueryMultipleValueKey@24
  Symbol name  : _NtQueryMutant@20
  Symbol name  : _NtQueryObject@20
  Symbol name  : _NtQueryOpenSubKeys@8
  Symbol name  : _NtQueryOpenSubKeysEx@16
  Symbol name  : _NtQueryPerformanceCounter@8
  Symbol name  : _NtQueryPortInformationProcess@0
  Symbol name  : _NtQueryQuotaInformationFile@36
  Symbol name  : _NtQuerySection@20
  Symbol name  : _NtQuerySecurityAttributesToken@24
  Symbol name  : _NtQuerySecurityObject@20
  Symbol name  : _NtQuerySemaphore@20
  Symbol name  : _NtQuerySymbolicLinkObject@12
  Symbol name  : _NtQuerySystemEnvironmentValue@16
  Symbol name  : _NtQuerySystemEnvironmentValueEx@20
  Symbol name  : _NtQuerySystemInformation@16
  Symbol name  : _NtQuerySystemInformationEx@24
  Symbol name  : _NtQuerySystemTime@4
  Symbol name  : _NtQueryTimer@20
  Symbol name  : _NtQueryTimerResolution@12
  Symbol name  : _NtQueryValueKey@24
  Symbol name  : _NtQueryVirtualMemory@24
  Symbol name  : _NtQueryVolumeInformationFile@20
  Symbol name  : _NtQueueApcThread@20
  Symbol name  : _NtQueueApcThreadEx@24
  Symbol name  : _NtRaiseException@12
  Symbol name  : _NtRaiseHardError@24
  Symbol name  : _NtReadFile@36
  Symbol name  : _NtReadFileScatter@36
  Symbol name  : _NtReadOnlyEnlistment@8
  Symbol name  : _NtReadRequestData@24
  Symbol name  : _NtReadVirtualMemory@20
  Symbol name  : _NtRecoverEnlistment@8
  Symbol name  : _NtRecoverResourceManager@4
  Symbol name  : _NtRecoverTransactionManager@4
  Symbol name  : _NtRegisterProtocolAddressInformation@20
  Symbol name  : _NtRegisterThreadTerminatePort@4
  Symbol name  : _NtReleaseKeyedEvent@16
  Symbol name  : _NtReleaseMutant@8
  Symbol name  : _NtReleaseSemaphore@12
  Symbol name  : _NtReleaseWorkerFactoryWorker@4
  Symbol name  : _NtRemoveIoCompletion@20
  Symbol name  : _NtRemoveIoCompletionEx@24
  Symbol name  : _NtRemoveProcessDebug@8
  Symbol name  : _NtRenameKey@8
  Symbol name  : _NtRenameTransactionManager@8
  Symbol name  : _NtReplaceKey@12
  Symbol name  : _NtReplacePartitionUnit@12
  Symbol name  : _NtReplyPort@8
  Symbol name  : _NtReplyWaitReceivePort@16
  Symbol name  : _NtReplyWaitReceivePortEx@20
  Symbol name  : _NtReplyWaitReplyPort@8
  Symbol name  : _NtRequestPort@8
  Symbol name  : _NtRequestWaitReplyPort@12
  Symbol name  : _NtResetEvent@8
  Symbol name  : _NtResetWriteWatch@12
  Symbol name  : _NtRestoreKey@12
  Symbol name  : _NtResumeProcess@4
  Symbol name  : _NtResumeThread@8
  Symbol name  : _NtRollbackComplete@8
  Symbol name  : _NtRollbackEnlistment@8
  Symbol name  : _NtRollbackTransaction@8
  Symbol name  : _NtRollforwardTransactionManager@8
  Symbol name  : _NtSaveKey@8
  Symbol name  : _NtSaveKeyEx@12
  Symbol name  : _NtSaveMergedKeys@12
  Symbol name  : _NtSecureConnectPort@36
  Symbol name  : _NtSerializeBoot@0
  Symbol name  : _NtSetBootEntryOrder@8
  Symbol name  : _NtSetBootOptions@8
  Symbol name  : _NtSetContextThread@8
  Symbol name  : _NtSetDebugFilterState@12
  Symbol name  : _NtSetDefaultHardErrorPort@4
  Symbol name  : _NtSetDefaultLocale@8
  Symbol name  : _NtSetDefaultUILanguage@4
  Symbol name  : _NtSetDriverEntryOrder@8
  Symbol name  : _NtSetEaFile@16
  Symbol name  : _NtSetEvent@8
  Symbol name  : _NtSetEventBoostPriority@4
  Symbol name  : _NtSetHighEventPair@4
  Symbol name  : _NtSetHighWaitLowEventPair@4
  Symbol name  : _NtSetInformationDebugObject@20
  Symbol name  : _NtSetInformationEnlistment@16
  Symbol name  : _NtSetInformationFile@20
  Symbol name  : _NtSetInformationJobObject@16
  Symbol name  : _NtSetInformationKey@16
  Symbol name  : _NtSetInformationObject@16
  Symbol name  : _NtSetInformationProcess@16
  Symbol name  : _NtSetInformationResourceManager@16
  Symbol name  : _NtSetInformationThread@16
  Symbol name  : _NtSetInformationToken@16
  Symbol name  : _NtSetInformationTransaction@16
  Symbol name  : _NtSetInformationTransactionManager@16
  Symbol name  : _NtSetInformationWorkerFactory@16
  Symbol name  : _NtSetIntervalProfile@8
  Symbol name  : _NtSetIoCompletion@20
  Symbol name  : _NtSetIoCompletionEx@24
  Symbol name  : _NtSetLdtEntries@24
  Symbol name  : _NtSetLowEventPair@4
  Symbol name  : _NtSetLowWaitHighEventPair@4
  Symbol name  : _NtSetQuotaInformationFile@16
  Symbol name  : _NtSetSecurityObject@12
  Symbol name  : _NtSetSystemEnvironmentValue@8
  Symbol name  : _NtSetSystemEnvironmentValueEx@20
  Symbol name  : _NtSetSystemInformation@12
  Symbol name  : _NtSetSystemPowerState@12
  Symbol name  : _NtSetSystemTime@8
  Symbol name  : _NtSetThreadExecutionState@8
  Symbol name  : _NtSetTimer@28
  Symbol name  : _NtSetTimerEx@16
  Symbol name  : _NtSetTimerResolution@12
  Symbol name  : _NtSetUuidSeed@4
  Symbol name  : _NtSetValueKey@24
  Symbol name  : _NtSetVolumeInformationFile@20
  Symbol name  : _NtShutdownSystem@4
  Symbol name  : _NtShutdownWorkerFactory@8
  Symbol name  : _NtSignalAndWaitForSingleObject@16
  Symbol name  : _NtSinglePhaseReject@8
  Symbol name  : _NtStartProfile@4
  Symbol name  : _NtStopProfile@4
  Symbol name  : _NtSuspendProcess@4
  Symbol name  : _NtSuspendThread@8
  Symbol name  : _NtSystemDebugControl@24
  Symbol name  : _NtTerminateJobObject@8
  Symbol name  : _NtTerminateProcess@8
  Symbol name  : _NtTerminateThread@8
  Symbol name  : _NtTestAlert@0
  Symbol name  : _NtThawRegistry@0
  Symbol name  : _NtThawTransactions@0
  Symbol name  : _NtTraceControl@24
  Symbol name  : _NtTraceEvent@16
  Symbol name  : _NtTranslateFilePath@16
  Symbol name  : _NtUmsThreadYield@4
  Symbol name  : _NtUnloadDriver@4
  Symbol name  : _NtUnloadKey@4
  Symbol name  : _NtUnloadKey2@8
  Symbol name  : _NtUnloadKeyEx@8
  Symbol name  : _NtUnlockFile@20
  Symbol name  : _NtUnlockVirtualMemory@16
  Symbol name  : _NtUnmapViewOfSection@8
  Symbol name  : _NtVdmControl@8
  Symbol name  : _NtWaitForDebugEvent@16
  Symbol name  : _NtWaitForKeyedEvent@16
  Symbol name  : _NtWaitForMultipleObjects@20
  Symbol name  : _NtWaitForMultipleObjects32@20
  Symbol name  : _NtWaitForSingleObject@12
  Symbol name  : _NtWaitForWorkViaWorkerFactory@8
  Symbol name  : _NtWaitHighEventPair@4
  Symbol name  : _NtWaitLowEventPair@4
  Symbol name  : _NtWorkerFactoryWorkerReady@4
  Symbol name  : _NtWriteFile@36
  Symbol name  : _NtWriteFileGather@36
  Symbol name  : _NtWriteRequestData@24
  Symbol name  : _NtWriteVirtualMemory@20
  Symbol name  : _NtYieldExecution@0
  Symbol name  : _PfxFindPrefix@8
  Symbol name  : _PfxInitialize@4
  Symbol name  : _PfxInsertPrefix@12
  Symbol name  : _PfxRemovePrefix@8
  Symbol name  : _RtlAbortRXact@4
  Symbol name  : _RtlAbsoluteToSelfRelativeSD@12
  Symbol name  : _RtlAcquirePebLock@0
  Symbol name  : _RtlAcquirePrivilege@16
  Symbol name  : _RtlAcquireReleaseSRWLockExclusive@4
  Symbol name  : _RtlAcquireResourceExclusive@8
  Symbol name  : _RtlAcquireResourceShared@8
  Symbol name  : _RtlAcquireSRWLockExclusive@4
  Symbol name  : _RtlAcquireSRWLockShared@4
  Symbol name  : _RtlActivateActivationContext@12
  Symbol name  : _RtlActivateActivationContextEx@16
  Symbol name  : _RtlAddAccessAllowedAce@16
  Symbol name  : _RtlAddAccessAllowedAceEx@20
  Symbol name  : _RtlAddAccessAllowedObjectAce@28
  Symbol name  : _RtlAddAccessDeniedAce@16
  Symbol name  : _RtlAddAccessDeniedAceEx@20
  Symbol name  : _RtlAddAccessDeniedObjectAce@28
  Symbol name  : _RtlAddAce@20
  Symbol name  : _RtlAddActionToRXact@24
  Symbol name  : _RtlAddAtomToAtomTable@12
  Symbol name  : _RtlAddAttributeActionToRXact@32
  Symbol name  : _RtlAddAuditAccessAce@24
  Symbol name  : _RtlAddAuditAccessAceEx@28
  Symbol name  : _RtlAddAuditAccessObjectAce@36
  Symbol name  : _RtlAddIntegrityLabelToBoundaryDescriptor@8
  Symbol name  : _RtlAddMandatoryAce@24
  Symbol name  : _RtlAddRefActivationContext@4
  Symbol name  : _RtlAddressInSectionTable@12
  Symbol name  : _RtlAddSIDToBoundaryDescriptor@8
  Symbol name  : _RtlAddVectoredContinueHandler@8
  Symbol name  : _RtlAddVectoredExceptionHandler@8
  Symbol name  : _RtlAdjustPrivilege@16
  Symbol name  : _RtlAllocateActivationContextStack@4
  Symbol name  : _RtlAllocateAndInitializeSid@44
  Symbol name  : _RtlAllocateHandle@8
  Symbol name  : _RtlAllocateHeap@12
  Symbol name  : _RtlAllocateMemoryBlockLookaside@12
  Symbol name  : _RtlAllocateMemoryZone@12
  Symbol name  : _RtlAnsiCharToUnicodeChar@4
  Symbol name  : _RtlAnsiStringToUnicodeSize@4
  Symbol name  : _RtlAnsiStringToUnicodeString@12
  Symbol name  : _RtlAppendAsciizToString@8
  Symbol name  : _RtlAppendPathElement@12
  Symbol name  : _RtlAppendStringToString@8
  Symbol name  : _RtlAppendUnicodeStringToString@8
  Symbol name  : _RtlAppendUnicodeToString@8
  Symbol name  : _RtlApplicationVerifierStop@40
  Symbol name  : _RtlApplyRXact@4
  Symbol name  : _RtlApplyRXactNoFlush@4
  Symbol name  : _RtlAreAllAccessesGranted@8
  Symbol name  : _RtlAreAnyAccessesGranted@8
  Symbol name  : _RtlAreBitsClear@12
  Symbol name  : _RtlAreBitsSet@12
  Symbol name  : _RtlAssert@16
  Symbol name  : _RtlCancelTimer@8
  Symbol name  : _RtlCaptureContext@4
  Symbol name  : _RtlCaptureStackBackTrace@16
  Symbol name  : _RtlCaptureStackContext@12
  Symbol name  : _RtlCharToInteger@12
  Symbol name  : _RtlCheckForOrphanedCriticalSections@4
  Symbol name  : _RtlCheckRegistryKey@8
  Symbol name  : _RtlCleanUpTEBLangLists@0
  Symbol name  : _RtlClearAllBits@4
  Symbol name  : _RtlClearBits@12
  Symbol name  : _RtlCloneUserProcess@20
  Symbol name  : _RtlCmDecodeMemIoResource@8
  Symbol name  : _RtlCmEncodeMemIoResource@24
  Symbol name  : _RtlCommitDebugInfo@8
  Symbol name  : _RtlCompactHeap@8
  Symbol name  : _RtlCompareAltitudes@8
  Symbol name  : _RtlCompareMemory@12
  Symbol name  : _RtlCompareMemoryUlong@12
  Symbol name  : _RtlCompareString@12
  Symbol name  : _RtlCompareUnicodeString@12
  Symbol name  : _RtlCompareUnicodeStrings@20
  Symbol name  : _RtlCompressBuffer@32
  Symbol name  : _RtlComputeCrc32@12
  Symbol name  : _RtlComputeImportTableHash@12
  Symbol name  : _RtlComputePrivatizedDllName_U@12
  Symbol name  : _RtlConnectToSm@16
  Symbol name  : _RtlConsoleMultiByteToUnicodeN@24
  Symbol name  : _RtlContractHashTable@4
  Symbol name  : _RtlConvertExclusiveToShared@4
  Symbol name  : _RtlConvertLCIDToString@20
  Symbol name  : _RtlConvertLongToLargeInteger@4
  Symbol name  : _RtlConvertSharedToExclusive@4
  Symbol name  : _RtlConvertSidToUnicodeString@12
  Symbol name  : _RtlConvertToAutoInheritSecurityObject@24
  Symbol name  : _RtlConvertUiListToApiList@12
  Symbol name  : _RtlConvertUlongToLargeInteger@4
  Symbol name  : _RtlCopyExtendedContext@12
  Symbol name  : _RtlCopyLuid@8
  Symbol name  : _RtlCopyLuidAndAttributesArray@12
  Symbol name  : _RtlCopyMappedMemory@12
  Symbol name  : _RtlCopySecurityDescriptor@8
  Symbol name  : _RtlCopySid@12
  Symbol name  : _RtlCopySidAndAttributesArray@28
  Symbol name  : _RtlCopyString@8
  Symbol name  : _RtlCopyUnicodeString@8
  Symbol name  : _RtlCreateAcl@12
  Symbol name  : _RtlCreateActivationContext@24
  Symbol name  : _RtlCreateAndSetSD@20
  Symbol name  : _RtlCreateAtomTable@8
  Symbol name  : _RtlCreateBootStatusDataFile@4
  Symbol name  : _RtlCreateBoundaryDescriptor@8
  Symbol name  : _RtlCreateEnvironment@8
  Symbol name  : _RtlCreateEnvironmentEx@12
  Symbol name  : _RtlCreateHashTable@12
  Symbol name  : _RtlCreateHeap@24
  Symbol name  : _RtlCreateMemoryBlockLookaside@20
  Symbol name  : _RtlCreateMemoryZone@12
  Symbol name  : _RtlCreateProcessParameters@40
  Symbol name  : _RtlCreateProcessParametersEx@44
  Symbol name  : _RtlCreateProcessReflection@24
  Symbol name  : _RtlCreateQueryDebugBuffer@8
  Symbol name  : _RtlCreateRegistryKey@8
  Symbol name  : _RtlCreateSecurityDescriptor@8
  Symbol name  : _RtlCreateServiceSid@12
  Symbol name  : _RtlCreateSystemVolumeInformationFolder@4
  Symbol name  : _RtlCreateTagHeap@16
  Symbol name  : _RtlCreateTimer@28
  Symbol name  : _RtlCreateTimerQueue@4
  Symbol name  : _RtlCreateUnicodeString@8
  Symbol name  : _RtlCreateUnicodeStringFromAsciiz@8
  Symbol name  : _RtlCreateUserProcess@40
  Symbol name  : _RtlCreateUserSecurityObject@28
  Symbol name  : _RtlCreateUserStack@24
  Symbol name  : _RtlCreateUserThread@40
  Symbol name  : _RtlCreateVirtualAccountSid@16
  Symbol name  : _RtlCultureNameToLCID@8
  Symbol name  : _RtlCustomCPToUnicodeN@24
  Symbol name  : _RtlCutoverTimeToSystemTime@16
  Symbol name  : _RtlDeactivateActivationContext@8
  Symbol name  : _RtlDebugPrintTimes@0
  Symbol name  : _RtlDecodePointer@4
  Symbol name  : _RtlDecodeSystemPointer@4
  Symbol name  : _RtlDeCommitDebugInfo@12
  Symbol name  : _RtlDecompressBuffer@24
  Symbol name  : _RtlDecompressFragment@32
  Symbol name  : _RtlDefaultNpAcl@4
  Symbol name  : _RtlDelete@4
  Symbol name  : _RtlDeleteAce@8
  Symbol name  : _RtlDeleteAtomFromAtomTable@8
  Symbol name  : _RtlDeleteBoundaryDescriptor@4
  Symbol name  : _RtlDeleteCriticalSection@4
  Symbol name  : _RtlDeleteElementGenericTable@8
  Symbol name  : _RtlDeleteElementGenericTableAvl@8
  Symbol name  : _RtlDeleteHashTable@4
  Symbol name  : _RtlDeleteNoSplay@8
  Symbol name  : _RtlDeleteRegistryValue@12
  Symbol name  : _RtlDeleteResource@4
  Symbol name  : _RtlDeleteSecurityObject@4
  Symbol name  : _RtlDeleteTimer@12
  Symbol name  : _RtlDeleteTimerQueue@4
  Symbol name  : _RtlDeleteTimerQueueEx@8
  Symbol name  : _RtlDeNormalizeProcessParams@4
  Symbol name  : _RtlDeregisterSecureMemoryCacheCallback@4
  Symbol name  : _RtlDeregisterWait@4
  Symbol name  : _RtlDeregisterWaitEx@8
  Symbol name  : _RtlDestroyAtomTable@4
  Symbol name  : _RtlDestroyEnvironment@4
  Symbol name  : _RtlDestroyHandleTable@4
  Symbol name  : _RtlDestroyHeap@4
  Symbol name  : _RtlDestroyMemoryBlockLookaside@4
  Symbol name  : _RtlDestroyMemoryZone@4
  Symbol name  : _RtlDestroyProcessParameters@4
  Symbol name  : _RtlDestroyQueryDebugBuffer@4
  Symbol name  : _RtlDetectHeapLeaks@0
  Symbol name  : _RtlDetermineDosPathNameType_U@4
  Symbol name  : _RtlDisableThreadProfiling@4
  Symbol name  : _RtlDllShutdownInProgress@0
  Symbol name  : _RtlDnsHostNameToComputerName@12
  Symbol name  : _RtlDoesFileExists_U@4
  Symbol name  : _RtlDosApplyFileIsolationRedirection_Ustr@36
  Symbol name  : _RtlDosPathNameToNtPathName_U@16
  Symbol name  : _RtlDosPathNameToNtPathName_U_WithStatus@16
  Symbol name  : _RtlDosPathNameToRelativeNtPathName_U@16
  Symbol name  : _RtlDosPathNameToRelativeNtPathName_U_WithStatus@16
  Symbol name  : _RtlDosSearchPath_U@24
  Symbol name  : _RtlDosSearchPath_Ustr@36
  Symbol name  : _RtlDowncaseUnicodeChar@4
  Symbol name  : _RtlDowncaseUnicodeString@12
  Symbol name  : _RtlDumpResource@4
  Symbol name  : _RtlDuplicateUnicodeString@12
  Symbol name  : _RtlEmptyAtomTable@8
  Symbol name  : _RtlEnableEarlyCriticalSectionEventCreation@0
  Symbol name  : _RtlEnableThreadProfiling@20
  Symbol name  : _RtlEncodePointer@4
  Symbol name  : _RtlEncodeSystemPointer@4
  Symbol name  : _RtlEndEnumerationHashTable@8
  Symbol name  : _RtlEndWeakEnumerationHashTable@8
  Symbol name  : _RtlEnlargedIntegerMultiply@8
  Symbol name  : _RtlEnlargedUnsignedDivide@16
  Symbol name  : _RtlEnlargedUnsignedMultiply@8
  Symbol name  : _RtlEnterCriticalSection@4
  Symbol name  : _RtlEnumerateEntryHashTable@8
  Symbol name  : _RtlEnumerateGenericTable@8
  Symbol name  : _RtlEnumerateGenericTableAvl@8
  Symbol name  : _RtlEnumerateGenericTableLikeADirectory@28
  Symbol name  : _RtlEnumerateGenericTableWithoutSplaying@8
  Symbol name  : _RtlEnumerateGenericTableWithoutSplayingAvl@8
  Symbol name  : _RtlEnumProcessHeaps@8
  Symbol name  : _RtlEqualComputerName@8
  Symbol name  : _RtlEqualDomainName@8
  Symbol name  : _RtlEqualLuid@8
  Symbol name  : _RtlEqualPrefixSid@8
  Symbol name  : _RtlEqualSid@8
  Symbol name  : _RtlEqualString@12
  Symbol name  : _RtlEqualUnicodeString@12
  Symbol name  : _RtlEraseUnicodeString@4
  Symbol name  : _RtlEthernetAddressToStringA@8
  Symbol name  : _RtlEthernetAddressToStringW@8
  Symbol name  : _RtlEthernetStringToAddressA@12
  Symbol name  : _RtlEthernetStringToAddressW@12
  Symbol name  : _RtlExitUserProcess@4
  Symbol name  : _RtlExitUserThread@4
  Symbol name  : _RtlExpandEnvironmentStrings@24
  Symbol name  : _RtlExpandEnvironmentStrings_U@16
  Symbol name  : _RtlExpandHashTable@4
  Symbol name  : _RtlExtendedIntegerMultiply@12
  Symbol name  : _RtlExtendedLargeIntegerDivide@16
  Symbol name  : _RtlExtendedMagicDivide@20
  Symbol name  : _RtlExtendMemoryBlockLookaside@8
  Symbol name  : _RtlExtendMemoryZone@8
  Symbol name  : _RtlFillMemory@12
  Symbol name  : _RtlFillMemoryUlong@12
  Symbol name  : _RtlFillMemoryUlonglong@16
  Symbol name  : _RtlFindActivationContextSectionGuid@20
  Symbol name  : _RtlFindActivationContextSectionString@20
  Symbol name  : _RtlFindCharInUnicodeString@16
  Symbol name  : _RtlFindClearBits@12
  Symbol name  : _RtlFindClearBitsAndSet@12
  Symbol name  : _RtlFindClearRuns@16
  Symbol name  : _RtlFindClosestEncodableLength@12
  Symbol name  : _RtlFindLastBackwardRunClear@12
  Symbol name  : _RtlFindLeastSignificantBit@8
  Symbol name  : _RtlFindLongestRunClear@8
  Symbol name  : _RtlFindMessage@20
  Symbol name  : _RtlFindMostSignificantBit@8
  Symbol name  : _RtlFindNextForwardRunClear@12
  Symbol name  : _RtlFindSetBits@12
  Symbol name  : _RtlFindSetBitsAndClear@12
  Symbol name  : _RtlFirstEntrySList@4
  Symbol name  : _RtlFirstFreeAce@8
  Symbol name  : _RtlFlsAlloc@8
  Symbol name  : _RtlFlsFree@4
  Symbol name  : _RtlFlushSecureMemoryCache@8
  Symbol name  : _RtlFormatCurrentUserKeyPath@4
  Symbol name  : _RtlFormatMessage@36
  Symbol name  : _RtlFormatMessageEx@40
  Symbol name  : _RtlFreeActivationContextStack@4
  Symbol name  : _RtlFreeAnsiString@4
  Symbol name  : _RtlFreeHandle@8
  Symbol name  : _RtlFreeHeap@12
  Symbol name  : _RtlFreeMemoryBlockLookaside@8
  Symbol name  : _RtlFreeOemString@4
  Symbol name  : _RtlFreeSid@4
  Symbol name  : _RtlFreeThreadActivationContextStack@0
  Symbol name  : _RtlFreeUnicodeString@4
  Symbol name  : _RtlFreeUserStack@4
  Symbol name  : _RtlGenerate8dot3Name@16
  Symbol name  : _RtlGetAce@12
  Symbol name  : _RtlGetActiveActivationContext@4
  Symbol name  : _RtlGetCallersAddress@8
  Symbol name  : _RtlGetCompressionWorkSpaceSize@12
  Symbol name  : _RtlGetControlSecurityDescriptor@12
  Symbol name  : _RtlGetCriticalSectionRecursionCount@4
  Symbol name  : _RtlGetCurrentDirectory_U@8
  Symbol name  : _RtlGetCurrentPeb@0
  Symbol name  : _RtlGetCurrentProcessorNumber@0
  Symbol name  : _RtlGetCurrentProcessorNumberEx@4
  Symbol name  : _RtlGetCurrentTransaction@0
  Symbol name  : _RtlGetDaclSecurityDescriptor@16
  Symbol name  : _RtlGetElementGenericTable@8
  Symbol name  : _RtlGetElementGenericTableAvl@8
  Symbol name  : _RtlGetEnabledExtendedFeatures@8
  Symbol name  : _RtlGetExtendedContextLength@8
  Symbol name  : _RtlGetExtendedFeaturesMask@4
  Symbol name  : _RtlGetFileMUIPath@28
  Symbol name  : _RtlGetFrame@0
  Symbol name  : _RtlGetFullPathName_U@16
  Symbol name  : _RtlGetFullPathName_UEx@20
  Symbol name  : _RtlGetFullPathName_UstrEx@32
  Symbol name  : _RtlGetGroupSecurityDescriptor@12
  Symbol name  : _RtlGetIntegerAtom@8
  Symbol name  : _RtlGetLastNtStatus@0
  Symbol name  : _RtlGetLastWin32Error@0
  Symbol name  : _RtlGetLengthWithoutLastFullDosOrNtPathElement@12
  Symbol name  : _RtlGetLengthWithoutTrailingPathSeperators@12
  Symbol name  : _RtlGetLocaleFileMappingAddress@12
  Symbol name  : _RtlGetLongestNtPathLength@0
  Symbol name  : _RtlGetNativeSystemInformation@16
  Symbol name  : _RtlGetNextEntryHashTable@8
  Symbol name  : _RtlGetNtGlobalFlags@0
  Symbol name  : _RtlGetNtProductType@4
  Symbol name  : _RtlGetNtVersionNumbers@12
  Symbol name  : _RtlGetOwnerSecurityDescriptor@12
  Symbol name  : _RtlGetProcessHeaps@8
  Symbol name  : _RtlGetProductInfo@20
  Symbol name  : _RtlGetSaclSecurityDescriptor@16
  Symbol name  : _RtlGetSecurityDescriptorRMControl@8
  Symbol name  : _RtlGetSetBootStatusData@24
  Symbol name  : _RtlGetSystemPreferredUILanguages@20
  Symbol name  : _RtlGetThreadErrorMode@0
  Symbol name  : _RtlGetThreadLangIdByIndex@16
  Symbol name  : _RtlGetThreadPreferredUILanguages@16
  Symbol name  : _RtlGetUILanguageInfo@20
  Symbol name  : _RtlGetUnloadEventTrace@0
  Symbol name  : _RtlGetUnloadEventTraceEx@12
  Symbol name  : _RtlGetUserInfoHeap@20
  Symbol name  : _RtlGetUserPreferredUILanguages@20
  Symbol name  : _RtlGetVersion@4
  Symbol name  : _RtlGUIDFromString@8
  Symbol name  : _RtlHashUnicodeString@16
  Symbol name  : _RtlHeapTrkInitialize@4
  Symbol name  : _RtlIdentifierAuthoritySid@4
  Symbol name  : _RtlIdnToAscii@20
  Symbol name  : _RtlIdnToNameprepUnicode@20
  Symbol name  : _RtlIdnToUnicode@20
  Symbol name  : _RtlImageDirectoryEntryToData@16
  Symbol name  : _RtlImageNtHeader@4
  Symbol name  : _RtlImageNtHeaderEx@20
  Symbol name  : _RtlImageRvaToSection@12
  Symbol name  : _RtlImageRvaToVa@16
  Symbol name  : _RtlImpersonateSelf@4
  Symbol name  : _RtlImpersonateSelfEx@12
  Symbol name  : _RtlInitAnsiString@8
  Symbol name  : _RtlInitAnsiStringEx@8
  Symbol name  : _RtlInitCodePageTable@8
  Symbol name  : _RtlInitEnumerationHashTable@8
  Symbol name  : _RtlInitializeAtomPackage@4
  Symbol name  : _RtlInitializeBitMap@12
  Symbol name  : _RtlInitializeConditionVariable@4
  Symbol name  : _RtlInitializeCriticalSection@4
  Symbol name  : _RtlInitializeCriticalSectionAndSpinCount@8
  Symbol name  : _RtlInitializeCriticalSectionEx@12
  Symbol name  : _RtlInitializeExceptionChain@4
  Symbol name  : _RtlInitializeExtendedContext@12
  Symbol name  : _RtlInitializeGenericTable@20
  Symbol name  : _RtlInitializeGenericTableAvl@20
  Symbol name  : _RtlInitializeHandleTable@12
  Symbol name  : _RtlInitializeResource@4
  Symbol name  : _RtlInitializeRXact@12
  Symbol name  : _RtlInitializeSid@12
  Symbol name  : _RtlInitializeSListHead@4
  Symbol name  : _RtlInitializeSRWLock@4
  Symbol name  : _RtlInitNlsTables@16
  Symbol name  : _RtlInitString@8
  Symbol name  : _RtlInitUnicodeString@8
  Symbol name  : _RtlInitUnicodeStringEx@8
  Symbol name  : _RtlInitWeakEnumerationHashTable@8
  Symbol name  : _RtlInsertElementGenericTable@16
  Symbol name  : _RtlInsertElementGenericTableAvl@16
  Symbol name  : _RtlInsertElementGenericTableFull@24
  Symbol name  : _RtlInsertElementGenericTableFullAvl@24
  Symbol name  : _RtlInsertEntryHashTable@16
  Symbol name  : _RtlInt64ToUnicodeString@16
  Symbol name  : _RtlIntegerToChar@16
  Symbol name  : _RtlIntegerToUnicodeString@12
  Symbol name  : _RtlInterlockedClearBitRun@12
  Symbol name  : _RtlInterlockedCompareExchange64@20
  Symbol name  : _RtlInterlockedFlushSList@4
  Symbol name  : _RtlInterlockedPopEntrySList@4
  Symbol name  : _RtlInterlockedPushEntrySList@8
  Symbol name  : _RtlInterlockedSetBitRun@12
  Symbol name  : _RtlIoDecodeMemIoResource@16
  Symbol name  : _RtlIoEncodeMemIoResource@40
  Symbol name  : _RtlIpv4AddressToStringA@8
  Symbol name  : _RtlIpv4AddressToStringExA@16
  Symbol name  : _RtlIpv4AddressToStringExW@16
  Symbol name  : _RtlIpv4AddressToStringW@8
  Symbol name  : _RtlIpv4StringToAddressA@16
  Symbol name  : _RtlIpv4StringToAddressExA@16
  Symbol name  : _RtlIpv4StringToAddressExW@16
  Symbol name  : _RtlIpv4StringToAddressW@16
  Symbol name  : _RtlIpv6AddressToStringA@8
  Symbol name  : _RtlIpv6AddressToStringExA@20
  Symbol name  : _RtlIpv6AddressToStringExW@20
  Symbol name  : _RtlIpv6AddressToStringW@8
  Symbol name  : _RtlIpv6StringToAddressA@12
  Symbol name  : _RtlIpv6StringToAddressExA@16
  Symbol name  : _RtlIpv6StringToAddressExW@16
  Symbol name  : _RtlIpv6StringToAddressW@12
  Symbol name  : _RtlIsActivationContextActive@4
  Symbol name  : _RtlIsCriticalSectionLocked@4
  Symbol name  : _RtlIsCriticalSectionLockedByThread@4
  Symbol name  : _RtlIsDosDeviceName_U@4
  Symbol name  : _RtlIsGenericTableEmpty@4
  Symbol name  : _RtlIsGenericTableEmptyAvl@4
  Symbol name  : _RtlIsNameInExpression@16
  Symbol name  : _RtlIsNameLegalDOS8Dot3@12
  Symbol name  : _RtlIsNormalizedString@16
  Symbol name  : _RtlIsTextUnicode@12
  Symbol name  : _RtlIsThreadWithinLoaderCallout@0
  Symbol name  : _RtlIsValidHandle@8
  Symbol name  : _RtlIsValidIndexHandle@12
  Symbol name  : _RtlIsValidLocaleName@8
  Symbol name  : _RtlKnownExceptionFilter@4
  Symbol name  : _RtlLargeIntegerAdd@16
  Symbol name  : _RtlLargeIntegerArithmeticShift@12
  Symbol name  : _RtlLargeIntegerDivide@20
  Symbol name  : _RtlLargeIntegerNegate@8
  Symbol name  : _RtlLargeIntegerShiftLeft@12
  Symbol name  : _RtlLargeIntegerShiftRight@12
  Symbol name  : _RtlLargeIntegerSubtract@16
  Symbol name  : _RtlLargeIntegerToChar@16
  Symbol name  : _RtlLCIDToCultureName@8
  Symbol name  : _RtlLcidToLocaleName@16
  Symbol name  : _RtlLeaveCriticalSection@4
  Symbol name  : _RtlLengthRequiredSid@4
  Symbol name  : _RtlLengthSecurityDescriptor@4
  Symbol name  : _RtlLengthSid@4
  Symbol name  : _RtlLocaleNameToLcid@12
  Symbol name  : _RtlLocalTimeToSystemTime@8
  Symbol name  : _RtlLocateExtendedFeature@12
  Symbol name  : _RtlLocateLegacyContext@8
  Symbol name  : _RtlLockBootStatusData@4
  Symbol name  : _RtlLockCurrentThread@0
  Symbol name  : _RtlLockHeap@4
  Symbol name  : _RtlLockMemoryBlockLookaside@4
  Symbol name  : _RtlLockMemoryZone@4
  Symbol name  : _RtlLockModuleSection@4
  Symbol name  : _RtlLogStackBackTrace@0
  Symbol name  : _RtlLookupAtomInAtomTable@12
  Symbol name  : _RtlLookupElementGenericTable@8
  Symbol name  : _RtlLookupElementGenericTableAvl@8
  Symbol name  : _RtlLookupElementGenericTableFull@16
  Symbol name  : _RtlLookupElementGenericTableFullAvl@16
  Symbol name  : _RtlLookupEntryHashTable@12
  Symbol name  : _RtlMakeSelfRelativeSD@12
  Symbol name  : _RtlMapGenericMask@8
  Symbol name  : _RtlMapSecurityErrorToNtStatus@4
  Symbol name  : _RtlMoveMemory@12
  Symbol name  : _RtlMultiAppendUnicodeStringBuffer@12
  Symbol name  : _RtlMultiByteToUnicodeN@20
  Symbol name  : _RtlMultiByteToUnicodeSize@12
  Symbol name  : _RtlMultipleAllocateHeap@20
  Symbol name  : _RtlMultipleFreeHeap@16
  Symbol name  : _RtlNewInstanceSecurityObject@40
  Symbol name  : _RtlNewSecurityGrantedAccess@24
  Symbol name  : _RtlNewSecurityObject@24
  Symbol name  : _RtlNewSecurityObjectEx@32
  Symbol name  : _RtlNewSecurityObjectWithMultipleInheritance@36
  Symbol name  : _RtlNormalizeProcessParams@4
  Symbol name  : _RtlNormalizeString@20
  Symbol name  : _RtlNtPathNameToDosPathName@16
  Symbol name  : _RtlNtStatusToDosError@4
  Symbol name  : _RtlNtStatusToDosErrorNoTeb@4
  Symbol name  : _RtlNumberGenericTableElements@4
  Symbol name  : _RtlNumberGenericTableElementsAvl@4
  Symbol name  : _RtlNumberOfClearBits@4
  Symbol name  : _RtlNumberOfSetBits@4
  Symbol name  : _RtlNumberOfSetBitsUlongPtr@4
  Symbol name  : _RtlOemStringToUnicodeSize@4
  Symbol name  : _RtlOemStringToUnicodeString@12
  Symbol name  : _RtlOemToUnicodeN@20
  Symbol name  : _RtlOpenCurrentUser@8
  Symbol name  : _RtlOwnerAcesPresent@4
  Symbol name  : _RtlpApplyLengthFunction@16
  Symbol name  : _RtlpCheckDynamicTimeZoneInformation@8
  Symbol name  : _RtlpCleanupRegistryKeys@0
  Symbol name  : _RtlpConvertCultureNamesToLCIDs@8
  Symbol name  : _RtlpConvertLCIDsToCultureNames@8
  Symbol name  : _RtlpCreateProcessRegistryInfo@4
  Symbol name  : _RtlPcToFileHeader@8
  Symbol name  : _RtlpEnsureBufferSize@12
  Symbol name  : _RtlpGetLCIDFromLangInfoNode@12
  Symbol name  : _RtlpGetNameFromLangInfoNode@12
  Symbol name  : _RtlpGetSystemDefaultUILanguage@8
  Symbol name  : _RtlpGetUserOrMachineUILanguage4NLS@12
  Symbol name  : _RtlPinAtomInAtomTable@8
  Symbol name  : _RtlpInitializeLangRegistryInfo@4
  Symbol name  : _RtlpIsQualifiedLanguage@12
  Symbol name  : _RtlpLoadMachineUIByPolicy@12
  Symbol name  : _RtlpLoadUserUIByPolicy@12
  Symbol name  : _RtlpMuiFreeLangRegistryInfo@4
  Symbol name  : _RtlpMuiRegCreateRegistryInfo@0
  Symbol name  : _RtlpMuiRegFreeRegistryInfo@8
  Symbol name  : _RtlpMuiRegLoadRegistryInfo@8
  Symbol name  : _RtlpNotOwnerCriticalSection@4
  Symbol name  : _RtlpNtCreateKey@24
  Symbol name  : _RtlpNtEnumerateSubKey@16
  Symbol name  : _RtlpNtMakeTemporaryKey@4
  Symbol name  : _RtlpNtOpenKey@16
  Symbol name  : _RtlpNtQueryValueKey@20
  Symbol name  : _RtlpNtSetValueKey@16
  Symbol name  : _RtlPopFrame@4
  Symbol name  : _RtlpQueryDefaultUILanguage@8
  Symbol name  : _RtlPrefixString@12
  Symbol name  : _RtlPrefixUnicodeString@12
  Symbol name  : _RtlpRefreshCachedUILanguage@8
  Symbol name  : _RtlProcessFlsData@4
  Symbol name  : _RtlpSetInstallLanguage@8
  Symbol name  : _RtlpSetPreferredUILanguages@12
  Symbol name  : _RtlpSetUserPreferredUILanguages@12
  Symbol name  : _RtlpUnWaitCriticalSection@4
  Symbol name  : _RtlPushFrame@4
  Symbol name  : _RtlpVerifyAndCommitUILanguageSettings@4
  Symbol name  : _RtlpWaitForCriticalSection@4
  Symbol name  : _RtlQueryActivationContextApplicationSettings@28
  Symbol name  : _RtlQueryAtomInAtomTable@24
  Symbol name  : _RtlQueryDepthSList@4
  Symbol name  : _RtlQueryDynamicTimeZoneInformation@4
  Symbol name  : _RtlQueryElevationFlags@4
  Symbol name  : _RtlQueryEnvironmentVariable@24
  Symbol name  : _RtlQueryEnvironmentVariable_U@12
  Symbol name  : _RtlQueryHeapInformation@20
  Symbol name  : _RtlQueryInformationAcl@16
  Symbol name  : _RtlQueryInformationActivationContext@28
  Symbol name  : _RtlQueryInformationActiveActivationContext@16
  Symbol name  : _RtlQueryPerformanceCounter@4
  Symbol name  : _RtlQueryPerformanceFrequency@4
  Symbol name  : _RtlQueryProcessBackTraceInformation@4
  Symbol name  : _RtlQueryProcessDebugInformation@12
  Symbol name  : _RtlQueryProcessLockInformation@4
  Symbol name  : _RtlQueryRegistryValues@20
  Symbol name  : _RtlQuerySecurityObject@20
  Symbol name  : _RtlQueryThreadProfiling@8
  Symbol name  : _RtlQueryTimeZoneInformation@4
  Symbol name  : _RtlQueueApcWow64Thread@20
  Symbol name  : _RtlQueueWorkItem@12
  Symbol name  : _RtlRaiseException@4
  Symbol name  : _RtlRaiseStatus@4
  Symbol name  : _RtlRandom@4
  Symbol name  : _RtlRandomEx@4
  Symbol name  : _RtlReadThreadProfilingData@12
  Symbol name  : _RtlReAllocateHeap@16
  Symbol name  : _RtlRealPredecessor@4
  Symbol name  : _RtlRealSuccessor@4
  Symbol name  : _RtlRegisterSecureMemoryCacheCallback@4
  Symbol name  : _RtlRegisterThreadWithCsrss@0
  Symbol name  : _RtlRegisterWait@24
  Symbol name  : _RtlReleaseActivationContext@4
  Symbol name  : _RtlReleasePebLock@0
  Symbol name  : _RtlReleasePrivilege@4
  Symbol name  : _RtlReleaseRelativeName@4
  Symbol name  : _RtlReleaseResource@4
  Symbol name  : _RtlReleaseSRWLockExclusive@4
  Symbol name  : _RtlReleaseSRWLockShared@4
  Symbol name  : _RtlRemoteCall@28
  Symbol name  : _RtlRemoveEntryHashTable@12
  Symbol name  : _RtlRemovePrivileges@12
  Symbol name  : _RtlRemoveVectoredContinueHandler@4
  Symbol name  : _RtlRemoveVectoredExceptionHandler@4
  Symbol name  : _RtlReplaceSidInSd@16
  Symbol name  : _RtlReportException@12
  Symbol name  : _RtlReportSilentProcessExit@8
  Symbol name  : _RtlReportSqmEscalation@24
  Symbol name  : _RtlResetMemoryBlockLookaside@4
  Symbol name  : _RtlResetRtlTranslations@4
  Symbol name  : _RtlRestoreLastWin32Error@4
  Symbol name  : _RtlRunDecodeUnicodeString@8
  Symbol name  : _RtlRunEncodeUnicodeString@8
  Symbol name  : _RtlRunOnceBeginInitialize@12
  Symbol name  : _RtlRunOnceComplete@12
  Symbol name  : _RtlRunOnceExecuteOnce@16
  Symbol name  : _RtlRunOnceInitialize@4
  Symbol name  : _RtlSecondsSince1970ToTime@8
  Symbol name  : _RtlSecondsSince1980ToTime@8
  Symbol name  : _RtlSelfRelativeToAbsoluteSD@44
  Symbol name  : _RtlSelfRelativeToAbsoluteSD2@8
  Symbol name  : _RtlSendMsgToSm@8
  Symbol name  : _RtlSetAllBits@4
  Symbol name  : _RtlSetBits@12
  Symbol name  : _RtlSetControlSecurityDescriptor@12
  Symbol name  : _RtlSetCriticalSectionSpinCount@8
  Symbol name  : _RtlSetCurrentDirectory_U@4
  Symbol name  : _RtlSetCurrentEnvironment@8
  Symbol name  : _RtlSetCurrentTransaction@4
  Symbol name  : _RtlSetDaclSecurityDescriptor@16
  Symbol name  : _RtlSetDynamicTimeZoneInformation@4
  Symbol name  : _RtlSetEnvironmentStrings@8
  Symbol name  : _RtlSetEnvironmentVar@20
  Symbol name  : _RtlSetEnvironmentVariable@12
  Symbol name  : _RtlSetExtendedFeaturesMask@12
  Symbol name  : _RtlSetGroupSecurityDescriptor@12
  Symbol name  : _RtlSetHeapInformation@16
  Symbol name  : _RtlSetInformationAcl@16
  Symbol name  : _RtlSetIoCompletionCallback@12
  Symbol name  : _RtlSetLastWin32Error@4
  Symbol name  : _RtlSetLastWin32ErrorAndNtStatusFromNtStatus@4
  Symbol name  : _RtlSetOwnerSecurityDescriptor@12
  Symbol name  : _RtlSetProcessDebugInformation@12
  Symbol name  : _RtlSetProcessIsCritical
  Symbol name  : _RtlSetSaclSecurityDescriptor@16
  Symbol name  : _RtlSetSecurityDescriptorRMControl@8
  Symbol name  : _RtlSetSecurityObject@20
  Symbol name  : _RtlSetSecurityObjectEx@24
  Symbol name  : _RtlSetThreadErrorMode@8
  Symbol name  : _RtlSetThreadIsCritical
  Symbol name  : _RtlSetThreadPoolStartFunc@8
  Symbol name  : _RtlSetThreadPreferredUILanguages@12
  Symbol name  : _RtlSetTimer@28
  Symbol name  : _RtlSetTimeZoneInformation@4
  Symbol name  : _RtlSetUnhandledExceptionFilter@4
  Symbol name  : _RtlSetUserFlagsHeap@20
  Symbol name  : _RtlSetUserValueHeap@16
  Symbol name  : _RtlSidDominates@12
  Symbol name  : _RtlSidEqualLevel@12
  Symbol name  : _RtlSidHashInitialize@12
  Symbol name  : _RtlSidHashLookup@8
  Symbol name  : _RtlSidIsHigherLevel@12
  Symbol name  : _RtlSizeHeap@12
  Symbol name  : _RtlSleepConditionVariableCS@12
  Symbol name  : _RtlSleepConditionVariableSRW@16
  Symbol name  : _RtlSplay@4
  Symbol name  : _RtlStartRXact@4
  Symbol name  : _RtlStringFromGUID@8
  Symbol name  : _RtlSubAuthorityCountSid@4
  Symbol name  : _RtlSubAuthoritySid@8
  Symbol name  : _RtlSubtreePredecessor@4
  Symbol name  : _RtlSubtreeSuccessor@4
  Symbol name  : _RtlSystemTimeToLocalTime@8
  Symbol name  : _RtlTestBit@8
  Symbol name  : _RtlTimeFieldsToTime@8
  Symbol name  : _RtlTimeToElapsedTimeFields@8
  Symbol name  : _RtlTimeToSecondsSince1970@8
  Symbol name  : _RtlTimeToSecondsSince1980@8
  Symbol name  : _RtlTimeToTimeFields@8
  Symbol name  : _RtlTraceDatabaseAdd@16
  Symbol name  : _RtlTraceDatabaseCreate@20
  Symbol name  : _RtlTraceDatabaseDestroy@4
  Symbol name  : _RtlTraceDatabaseEnumerate@12
  Symbol name  : _RtlTraceDatabaseFind@16
  Symbol name  : _RtlTraceDatabaseLock@4
  Symbol name  : _RtlTraceDatabaseUnlock@4
  Symbol name  : _RtlTraceDatabaseValidate@4
  Symbol name  : _RtlTryAcquirePebLock@0
  Symbol name  : _RtlTryAcquireSRWLockExclusive@4
  Symbol name  : _RtlTryAcquireSRWLockShared@4
  Symbol name  : _RtlTryEnterCriticalSection@4
  Symbol name  : _RtlUnhandledExceptionFilter@4
  Symbol name  : _RtlUnhandledExceptionFilter2@8
  Symbol name  : _RtlUnicodeStringToAnsiSize@4
  Symbol name  : _RtlUnicodeStringToAnsiString@12
  Symbol name  : _RtlUnicodeStringToCountedOemString@12
  Symbol name  : _RtlUnicodeStringToInteger@12
  Symbol name  : _RtlUnicodeStringToOemSize@4
  Symbol name  : _RtlUnicodeStringToOemString@12
  Symbol name  : _RtlUnicodeToCustomCPN@24
  Symbol name  : _RtlUnicodeToMultiByteN@20
  Symbol name  : _RtlUnicodeToMultiByteSize@12
  Symbol name  : _RtlUnicodeToOemN@20
  Symbol name  : _RtlUnicodeToUTF8N@20
  Symbol name  : _RtlUniform@4
  Symbol name  : _RtlUnlockBootStatusData@4
  Symbol name  : _RtlUnlockCurrentThread@0
  Symbol name  : _RtlUnlockHeap@4
  Symbol name  : _RtlUnlockMemoryBlockLookaside@4
  Symbol name  : _RtlUnlockMemoryZone@4
  Symbol name  : _RtlUnlockModuleSection@4
  Symbol name  : _RtlUnwind@16
  Symbol name  : _RtlUpcaseUnicodeChar@4
  Symbol name  : _RtlUpcaseUnicodeString@12
  Symbol name  : _RtlUpcaseUnicodeStringToCountedOemString@12
  Symbol name  : _RtlUpcaseUnicodeStringToOemString@12
  Symbol name  : _RtlUpcaseUnicodeToCustomCPN@24
  Symbol name  : _RtlUpcaseUnicodeToMultiByteN@20
  Symbol name  : _RtlUpcaseUnicodeToOemN@20
  Symbol name  : _RtlUpdateClonedCriticalSection@4
  Symbol name  : _RtlUpdateClonedSRWLock@8
  Symbol name  : _RtlUpdateTimer@16
  Symbol name  : _RtlUpperChar@4
  Symbol name  : _RtlUpperString@8
  Symbol name  : _RtlUTF8ToUnicodeN@20
  Symbol name  : _RtlValidAcl@4
  Symbol name  : _RtlValidateHeap@12
  Symbol name  : _RtlValidateProcessHeaps@0
  Symbol name  : _RtlValidateUnicodeString@8
  Symbol name  : _RtlValidRelativeSecurityDescriptor@12
  Symbol name  : _RtlValidSecurityDescriptor@4
  Symbol name  : _RtlValidSid@4
  Symbol name  : _RtlVerifyVersionInfo@16
  Symbol name  : _RtlWakeAllConditionVariable@4
  Symbol name  : _RtlWakeConditionVariable@4
  Symbol name  : _RtlWalkFrameChain@12
  Symbol name  : _RtlWalkHeap@8
  Symbol name  : _RtlWeaklyEnumerateEntryHashTable@8
  Symbol name  : _RtlWerpReportException@16
  Symbol name  : _RtlWow64CallFunction64@28
  Symbol name  : _RtlWow64EnableFsRedirection@4
  Symbol name  : _RtlWow64EnableFsRedirectionEx@8
  Symbol name  : _RtlWriteRegistryValue@24
  Symbol name  : _RtlxAnsiStringToUnicodeSize@4
  Symbol name  : _RtlxOemStringToUnicodeSize@4
  Symbol name  : _RtlxUnicodeStringToAnsiSize@4
  Symbol name  : _RtlxUnicodeStringToOemSize@4
  Symbol name  : _RtlZeroMemory@8
  Symbol name  : _RtlZombifyActivationContext@4
  Symbol name  : _ShipAssert@8
  Symbol name  : _ShipAssertGetBufferInfo@8
  Symbol name  : _ShipAssertMsgA@12
  Symbol name  : _ShipAssertMsgW@12
  Symbol name  : _TpAllocAlpcCompletion@20
  Symbol name  : _TpAllocCleanupGroup@4
  Symbol name  : _TpAllocIoCompletion@20
  Symbol name  : _TpAllocPool@8
  Symbol name  : _TpAllocTimer@16
  Symbol name  : _TpAllocWait@16
  Symbol name  : _TpAllocWork@16
  Symbol name  : _TpCallbackLeaveCriticalSectionOnCompletion@8
  Symbol name  : _TpCallbackMayRunLong@4
  Symbol name  : _TpCallbackReleaseMutexOnCompletion@8
  Symbol name  : _TpCallbackReleaseSemaphoreOnCompletion@12
  Symbol name  : _TpCallbackSetEventOnCompletion@8
  Symbol name  : _TpCallbackUnloadDllOnCompletion@8
  Symbol name  : _TpCancelAsyncIoOperation@4
  Symbol name  : _TpCaptureCaller@4
  Symbol name  : _TpCheckTerminateWorker@4
  Symbol name  : _TpDisassociateCallback@4
  Symbol name  : _TpIsTimerSet@4
  Symbol name  : _TpPostWork@4
  Symbol name  : _TpQueryPoolStackInformation@8
  Symbol name  : _TpReleaseAlpcCompletion@4
  Symbol name  : _TpReleaseCleanupGroup@4
  Symbol name  : _TpReleaseCleanupGroupMembers@12
  Symbol name  : _TpReleaseIoCompletion@4
  Symbol name  : _TpReleasePool@4
  Symbol name  : _TpReleaseTimer@4
  Symbol name  : _TpReleaseWait@4
  Symbol name  : _TpReleaseWork@4
  Symbol name  : _TpSetPoolMaxThreads@8
  Symbol name  : _TpSetPoolMinThreads@8
  Symbol name  : _TpSetPoolStackInformation@8
  Symbol name  : _TpSetTimer@16
  Symbol name  : _TpSetWait@12
  Symbol name  : _TpSimpleTryPost@12
  Symbol name  : _TpStartAsyncIoOperation@4
  Symbol name  : _TpWaitForAlpcCompletion@4
  Symbol name  : _TpWaitForIoCompletion@8
  Symbol name  : _TpWaitForTimer@8
  Symbol name  : _TpWaitForWait@8
  Symbol name  : _TpWaitForWork@8
  Symbol name  : _vDbgPrintEx@16
  Symbol name  : _vDbgPrintExWithPrefix@20
  Symbol name  : _VerSetConditionMask@16
  Symbol name  : _WerReportSQMEvent@16
  Symbol name  : _WinSqmAddToAverageDWORD@12
  Symbol name  : _WinSqmAddToStream@16
  Symbol name  : _WinSqmAddToStreamEx@20
  Symbol name  : _WinSqmCheckEscalationAddToStreamEx@20
  Symbol name  : _WinSqmCheckEscalationSetDWORD@16
  Symbol name  : _WinSqmCheckEscalationSetDWORD64@20
  Symbol name  : _WinSqmCheckEscalationSetString@16
  Symbol name  : _WinSqmCommonDatapointDelete@4
  Symbol name  : _WinSqmCommonDatapointSetDWORD@12
  Symbol name  : _WinSqmCommonDatapointSetDWORD64@16
  Symbol name  : _WinSqmCommonDatapointSetStreamEx@20
  Symbol name  : _WinSqmCommonDatapointSetString@12
  Symbol name  : _WinSqmEndSession@4
  Symbol name  : _WinSqmEventEnabled@8
  Symbol name  : _WinSqmEventWrite@12
  Symbol name  : _WinSqmGetEscalationRuleStatus@8
  Symbol name  : _WinSqmGetInstrumentationProperty@16
  Symbol name  : _WinSqmIncrementDWORD@12
  Symbol name  : _WinSqmIsOptedIn@0
  Symbol name  : _WinSqmIsOptedInEx@4
  Symbol name  : _WinSqmSetDWORD@12
  Symbol name  : _WinSqmSetDWORD64@16
  Symbol name  : _WinSqmSetEscalationInfo@16
  Symbol name  : _WinSqmSetIfMaxDWORD@12
  Symbol name  : _WinSqmSetIfMinDWORD@12
  Symbol name  : _WinSqmSetString@12
  Symbol name  : _WinSqmStartSession@12
  Symbol name  : _ZwAcceptConnectPort@24
  Symbol name  : _ZwAccessCheck@32
  Symbol name  : _ZwAccessCheckAndAuditAlarm@44
  Symbol name  : _ZwAccessCheckByType@44
  Symbol name  : _ZwAccessCheckByTypeAndAuditAlarm@64
  Symbol name  : _ZwAccessCheckByTypeResultList@44
  Symbol name  : _ZwAccessCheckByTypeResultListAndAuditAlarm@64
  Symbol name  : _ZwAccessCheckByTypeResultListAndAuditAlarmByHandle@68
  Symbol name  : _ZwAddAtom@12
  Symbol name  : _ZwAddBootEntry@8
  Symbol name  : _ZwAddDriverEntry@8
  Symbol name  : _ZwAdjustGroupsToken@24
  Symbol name  : _ZwAdjustPrivilegesToken@24
  Symbol name  : _ZwAlertResumeThread@8
  Symbol name  : _ZwAlertThread@4
  Symbol name  : _ZwAllocateLocallyUniqueId@4
  Symbol name  : _ZwAllocateReserveObject@12
  Symbol name  : _ZwAllocateUserPhysicalPages@12
  Symbol name  : _ZwAllocateUuids@16
  Symbol name  : _ZwAllocateVirtualMemory@24
  Symbol name  : _ZwAlpcAcceptConnectPort@36
  Symbol name  : _ZwAlpcCancelMessage@12
  Symbol name  : _ZwAlpcConnectPort@44
  Symbol name  : _ZwAlpcCreatePort@12
  Symbol name  : _ZwAlpcCreatePortSection@24
  Symbol name  : _ZwAlpcCreateResourceReserve@16
  Symbol name  : _ZwAlpcCreateSectionView@12
  Symbol name  : _ZwAlpcCreateSecurityContext@12
  Symbol name  : _ZwAlpcDeletePortSection@12
  Symbol name  : _ZwAlpcDeleteResourceReserve@12
  Symbol name  : _ZwAlpcDeleteSectionView@12
  Symbol name  : _ZwAlpcDeleteSecurityContext@12
  Symbol name  : _ZwAlpcDisconnectPort@8
  Symbol name  : _ZwAlpcImpersonateClientOfPort@12
  Symbol name  : _ZwAlpcOpenSenderProcess@24
  Symbol name  : _ZwAlpcOpenSenderThread@24
  Symbol name  : _ZwAlpcQueryInformation@20
  Symbol name  : _ZwAlpcQueryInformationMessage@24
  Symbol name  : _ZwAlpcRevokeSecurityContext@12
  Symbol name  : _ZwAlpcSendWaitReceivePort@32
  Symbol name  : _ZwAlpcSetInformation@16
  Symbol name  : _ZwApphelpCacheControl@8
  Symbol name  : _ZwAreMappedFilesTheSame@8
  Symbol name  : _ZwAssignProcessToJobObject@8
  Symbol name  : _ZwCallbackReturn@12
  Symbol name  : _ZwCancelIoFile@8
  Symbol name  : _ZwCancelIoFileEx@12
  Symbol name  : _ZwCancelSynchronousIoFile@12
  Symbol name  : _ZwCancelTimer@8
  Symbol name  : _ZwClearEvent@4
  Symbol name  : _ZwClose@4
  Symbol name  : _ZwCloseObjectAuditAlarm@12
  Symbol name  : _ZwCommitComplete@8
  Symbol name  : _ZwCommitEnlistment@8
  Symbol name  : _ZwCommitTransaction@8
  Symbol name  : _ZwCompactKeys@8
  Symbol name  : _ZwCompareTokens@12
  Symbol name  : _ZwCompleteConnectPort@4
  Symbol name  : _ZwCompressKey@4
  Symbol name  : _ZwConnectPort@32
  Symbol name  : _ZwContinue@8
  Symbol name  : _ZwCreateDebugObject@16
  Symbol name  : _ZwCreateDirectoryObject@12
  Symbol name  : _ZwCreateEnlistment@32
  Symbol name  : _ZwCreateEvent@20
  Symbol name  : _ZwCreateEventPair@12
  Symbol name  : _ZwCreateFile@44
  Symbol name  : _ZwCreateIoCompletion@16
  Symbol name  : _ZwCreateJobObject@12
  Symbol name  : _ZwCreateJobSet@12
  Symbol name  : _ZwCreateKey@28
  Symbol name  : _ZwCreateKeyedEvent@16
  Symbol name  : _ZwCreateKeyTransacted@32
  Symbol name  : _ZwCreateMailslotFile@32
  Symbol name  : _ZwCreateMutant@16
  Symbol name  : _ZwCreateNamedPipeFile@56
  Symbol name  : _ZwCreatePagingFile@16
  Symbol name  : _ZwCreatePort@20
  Symbol name  : _ZwCreatePrivateNamespace@16
  Symbol name  : _ZwCreateProcess@32
  Symbol name  : _ZwCreateProcessEx@36
  Symbol name  : _ZwCreateProfile@36
  Symbol name  : _ZwCreateProfileEx@40
  Symbol name  : _ZwCreateResourceManager@28
  Symbol name  : _ZwCreateSection@28
  Symbol name  : _ZwCreateSemaphore@20
  Symbol name  : _ZwCreateSymbolicLinkObject@16
  Symbol name  : _ZwCreateThread@32
  Symbol name  : _ZwCreateThreadEx@44
  Symbol name  : _ZwCreateTimer@16
  Symbol name  : _ZwCreateToken@52
  Symbol name  : _ZwCreateTransaction@40
  Symbol name  : _ZwCreateTransactionManager@24
  Symbol name  : _ZwCreateUserProcess@44
  Symbol name  : _ZwCreateWaitablePort@20
  Symbol name  : _ZwCreateWorkerFactory@40
  Symbol name  : _ZwDebugActiveProcess@8
  Symbol name  : _ZwDebugContinue@12
  Symbol name  : _ZwDelayExecution@8
  Symbol name  : _ZwDeleteAtom@4
  Symbol name  : _ZwDeleteBootEntry@4
  Symbol name  : _ZwDeleteDriverEntry@4
  Symbol name  : _ZwDeleteFile@4
  Symbol name  : _ZwDeleteKey@4
  Symbol name  : _ZwDeleteObjectAuditAlarm@12
  Symbol name  : _ZwDeletePrivateNamespace@4
  Symbol name  : _ZwDeleteValueKey@8
  Symbol name  : _ZwDeviceIoControlFile@40
  Symbol name  : _ZwDisableLastKnownGood@0
  Symbol name  : _ZwDisplayString@4
  Symbol name  : _ZwDrawText@4
  Symbol name  : _ZwDuplicateObject@28
  Symbol name  : _ZwDuplicateToken@24
  Symbol name  : _ZwEnableLastKnownGood@0
  Symbol name  : _ZwEnumerateBootEntries@8
  Symbol name  : _ZwEnumerateDriverEntries@8
  Symbol name  : _ZwEnumerateKey@24
  Symbol name  : _ZwEnumerateSystemEnvironmentValuesEx@12
  Symbol name  : _ZwEnumerateTransactionObject@20
  Symbol name  : _ZwEnumerateValueKey@24
  Symbol name  : _ZwExtendSection@8
  Symbol name  : _ZwFilterToken@24
  Symbol name  : _ZwFindAtom@12
  Symbol name  : _ZwFlushBuffersFile@8
  Symbol name  : _ZwFlushInstallUILanguage@8
  Symbol name  : _ZwFlushInstructionCache@12
  Symbol name  : _ZwFlushKey@4
  Symbol name  : _ZwFlushProcessWriteBuffers@0
  Symbol name  : _ZwFlushVirtualMemory@16
  Symbol name  : _ZwFlushWriteBuffer@0
  Symbol name  : _ZwFreeUserPhysicalPages@12
  Symbol name  : _ZwFreeVirtualMemory@16
  Symbol name  : _ZwFreezeRegistry@4
  Symbol name  : _ZwFreezeTransactions@8
  Symbol name  : _ZwFsControlFile@40
  Symbol name  : _ZwGetContextThread@8
  Symbol name  : _ZwGetCurrentProcessorNumber@0
  Symbol name  : _ZwGetDevicePowerState@8
  Symbol name  : _ZwGetMUIRegistryInfo@12
  Symbol name  : _ZwGetNextProcess@20
  Symbol name  : _ZwGetNextThread@24
  Symbol name  : _ZwGetNlsSectionPtr@20
  Symbol name  : _ZwGetNotificationResourceManager@28
  Symbol name  : _ZwGetPlugPlayEvent@16
  Symbol name  : _ZwGetWriteWatch@28
  Symbol name  : _ZwImpersonateAnonymousToken@4
  Symbol name  : _ZwImpersonateClientOfPort@8
  Symbol name  : _ZwImpersonateThread@12
  Symbol name  : _ZwInitializeNlsFiles@12
  Symbol name  : _ZwInitializeRegistry@4
  Symbol name  : _ZwInitiatePowerAction@16
  Symbol name  : _ZwIsProcessInJob@8
  Symbol name  : _ZwIsSystemResumeAutomatic@0
  Symbol name  : _ZwIsUILanguageComitted@0
  Symbol name  : _ZwListenPort@8
  Symbol name  : _ZwLoadDriver@4
  Symbol name  : _ZwLoadKey@8
  Symbol name  : _ZwLoadKey2@12
  Symbol name  : _ZwLoadKeyEx@32
  Symbol name  : _ZwLockFile@40
  Symbol name  : _ZwLockProductActivationKeys@8
  Symbol name  : _ZwLockRegistryKey@4
  Symbol name  : _ZwLockVirtualMemory@16
  Symbol name  : _ZwMakePermanentObject@4
  Symbol name  : _ZwMakeTemporaryObject@4
  Symbol name  : _ZwMapCMFModule@24
  Symbol name  : _ZwMapUserPhysicalPages@12
  Symbol name  : _ZwMapUserPhysicalPagesScatter@12
  Symbol name  : _ZwMapViewOfSection@40
  Symbol name  : _ZwModifyBootEntry@4
  Symbol name  : _ZwModifyDriverEntry@4
  Symbol name  : _ZwNotifyChangeDirectoryFile@36
  Symbol name  : _ZwNotifyChangeKey@40
  Symbol name  : _ZwNotifyChangeMultipleKeys@48
  Symbol name  : _ZwNotifyChangeSession@32
  Symbol name  : _ZwOpenDirectoryObject@12
  Symbol name  : _ZwOpenEnlistment@20
  Symbol name  : _ZwOpenEvent@12
  Symbol name  : _ZwOpenEventPair@12
  Symbol name  : _ZwOpenFile@24
  Symbol name  : _ZwOpenIoCompletion@12
  Symbol name  : _ZwOpenJobObject@12
  Symbol name  : _ZwOpenKey@12
  Symbol name  : _ZwOpenKeyedEvent@12
  Symbol name  : _ZwOpenKeyEx@16
  Symbol name  : _ZwOpenKeyTransacted@16
  Symbol name  : _ZwOpenKeyTransactedEx@20
  Symbol name  : _ZwOpenMutant@12
  Symbol name  : _ZwOpenObjectAuditAlarm@48
  Symbol name  : _ZwOpenPrivateNamespace@16
  Symbol name  : _ZwOpenProcess@16
  Symbol name  : _ZwOpenProcessToken@12
  Symbol name  : _ZwOpenProcessTokenEx@16
  Symbol name  : _ZwOpenResourceManager@20
  Symbol name  : _ZwOpenSection@12
  Symbol name  : _ZwOpenSemaphore@12
  Symbol name  : _ZwOpenSession@12
  Symbol name  : _ZwOpenSymbolicLinkObject@12
  Symbol name  : _ZwOpenThread@16
  Symbol name  : _ZwOpenThreadToken@16
  Symbol name  : _ZwOpenThreadTokenEx@20
  Symbol name  : _ZwOpenTimer@12
  Symbol name  : _ZwOpenTransaction@20
  Symbol name  : _ZwOpenTransactionManager@24
  Symbol name  : _ZwPlugPlayControl@12
  Symbol name  : _ZwPowerInformation@20
  Symbol name  : _ZwPrepareComplete@8
  Symbol name  : _ZwPrepareEnlistment@8
  Symbol name  : _ZwPrePrepareComplete@8
  Symbol name  : _ZwPrePrepareEnlistment@8
  Symbol name  : _ZwPrivilegeCheck@12
  Symbol name  : _ZwPrivilegedServiceAuditAlarm@20
  Symbol name  : _ZwPrivilegeObjectAuditAlarm@24
  Symbol name  : _ZwPropagationComplete@16
  Symbol name  : _ZwPropagationFailed@12
  Symbol name  : _ZwProtectVirtualMemory@20
  Symbol name  : _ZwPulseEvent@8
  Symbol name  : _ZwQueryAttributesFile@8
  Symbol name  : _ZwQueryBootEntryOrder@8
  Symbol name  : _ZwQueryBootOptions@8
  Symbol name  : _ZwQueryDebugFilterState@8
  Symbol name  : _ZwQueryDefaultLocale@8
  Symbol name  : _ZwQueryDefaultUILanguage@4
  Symbol name  : _ZwQueryDirectoryFile@44
  Symbol name  : _ZwQueryDirectoryObject@28
  Symbol name  : _ZwQueryDriverEntryOrder@8
  Symbol name  : _ZwQueryEaFile@36
  Symbol name  : _ZwQueryEvent@20
  Symbol name  : _ZwQueryFullAttributesFile@8
  Symbol name  : _ZwQueryInformationAtom@20
  Symbol name  : _ZwQueryInformationEnlistment@20
  Symbol name  : _ZwQueryInformationFile@20
  Symbol name  : _ZwQueryInformationJobObject@20
  Symbol name  : _ZwQueryInformationPort@20
  Symbol name  : _ZwQueryInformationProcess@20
  Symbol name  : _ZwQueryInformationResourceManager@20
  Symbol name  : _ZwQueryInformationThread@20
  Symbol name  : _ZwQueryInformationToken@20
  Symbol name  : _ZwQueryInformationTransaction@20
  Symbol name  : _ZwQueryInformationTransactionManager@20
  Symbol name  : _ZwQueryInformationWorkerFactory@20
  Symbol name  : _ZwQueryInstallUILanguage@4
  Symbol name  : _ZwQueryIntervalProfile@8
  Symbol name  : _ZwQueryIoCompletion@20
  Symbol name  : _ZwQueryKey@20
  Symbol name  : _ZwQueryLicenseValue@20
  Symbol name  : _ZwQueryMultipleValueKey@24
  Symbol name  : _ZwQueryMutant@20
  Symbol name  : _ZwQueryObject@20
  Symbol name  : _ZwQueryOpenSubKeys@8
  Symbol name  : _ZwQueryOpenSubKeysEx@16
  Symbol name  : _ZwQueryPerformanceCounter@8
  Symbol name  : _ZwQueryPortInformationProcess@0
  Symbol name  : _ZwQueryQuotaInformationFile@36
  Symbol name  : _ZwQuerySection@20
  Symbol name  : _ZwQuerySecurityAttributesToken@24
  Symbol name  : _ZwQuerySecurityObject@20
  Symbol name  : _ZwQuerySemaphore@20
  Symbol name  : _ZwQuerySymbolicLinkObject@12
  Symbol name  : _ZwQuerySystemEnvironmentValue@16
  Symbol name  : _ZwQuerySystemEnvironmentValueEx@20
  Symbol name  : _ZwQuerySystemInformation@16
  Symbol name  : _ZwQuerySystemInformationEx@24
  Symbol name  : _ZwQuerySystemTime@4
  Symbol name  : _ZwQueryTimer@20
  Symbol name  : _ZwQueryTimerResolution@12
  Symbol name  : _ZwQueryValueKey@24
  Symbol name  : _ZwQueryVirtualMemory@24
  Symbol name  : _ZwQueryVolumeInformationFile@20
  Symbol name  : _ZwQueueApcThread@20
  Symbol name  : _ZwQueueApcThreadEx@24
  Symbol name  : _ZwRaiseException@12
  Symbol name  : _ZwRaiseHardError@24
  Symbol name  : _ZwReadFile@36
  Symbol name  : _ZwReadFileScatter@36
  Symbol name  : _ZwReadOnlyEnlistment@8
  Symbol name  : _ZwReadRequestData@24
  Symbol name  : _ZwReadVirtualMemory@20
  Symbol name  : _ZwRecoverEnlistment@8
  Symbol name  : _ZwRecoverResourceManager@4
  Symbol name  : _ZwRecoverTransactionManager@4
  Symbol name  : _ZwRegisterProtocolAddressInformation@20
  Symbol name  : _ZwRegisterThreadTerminatePort@4
  Symbol name  : _ZwReleaseKeyedEvent@16
  Symbol name  : _ZwReleaseMutant@8
  Symbol name  : _ZwReleaseSemaphore@12
  Symbol name  : _ZwReleaseWorkerFactoryWorker@4
  Symbol name  : _ZwRemoveIoCompletion@20
  Symbol name  : _ZwRemoveIoCompletionEx@24
  Symbol name  : _ZwRemoveProcessDebug@8
  Symbol name  : _ZwRenameKey@8
  Symbol name  : _ZwRenameTransactionManager@8
  Symbol name  : _ZwReplaceKey@12
  Symbol name  : _ZwReplacePartitionUnit@12
  Symbol name  : _ZwReplyPort@8
  Symbol name  : _ZwReplyWaitReceivePort@16
  Symbol name  : _ZwReplyWaitReceivePortEx@20
  Symbol name  : _ZwReplyWaitReplyPort@8
  Symbol name  : _ZwRequestPort@8
  Symbol name  : _ZwRequestWaitReplyPort@12
  Symbol name  : _ZwResetEvent@8
  Symbol name  : _ZwResetWriteWatch@12
  Symbol name  : _ZwRestoreKey@12
  Symbol name  : _ZwResumeProcess@4
  Symbol name  : _ZwResumeThread@8
  Symbol name  : _ZwRollbackComplete@8
  Symbol name  : _ZwRollbackEnlistment@8
  Symbol name  : _ZwRollbackTransaction@8
  Symbol name  : _ZwRollforwardTransactionManager@8
  Symbol name  : _ZwSaveKey@8
  Symbol name  : _ZwSaveKeyEx@12
  Symbol name  : _ZwSaveMergedKeys@12
  Symbol name  : _ZwSecureConnectPort@36
  Symbol name  : _ZwSerializeBoot@0
  Symbol name  : _ZwSetBootEntryOrder@8
  Symbol name  : _ZwSetBootOptions@8
  Symbol name  : _ZwSetContextThread@8
  Symbol name  : _ZwSetDebugFilterState@12
  Symbol name  : _ZwSetDefaultHardErrorPort@4
  Symbol name  : _ZwSetDefaultLocale@8
  Symbol name  : _ZwSetDefaultUILanguage@4
  Symbol name  : _ZwSetDriverEntryOrder@8
  Symbol name  : _ZwSetEaFile@16
  Symbol name  : _ZwSetEvent@8
  Symbol name  : _ZwSetEventBoostPriority@4
  Symbol name  : _ZwSetHighEventPair@4
  Symbol name  : _ZwSetHighWaitLowEventPair@4
  Symbol name  : _ZwSetInformationDebugObject@20
  Symbol name  : _ZwSetInformationEnlistment@16
  Symbol name  : _ZwSetInformationFile@20
  Symbol name  : _ZwSetInformationJobObject@16
  Symbol name  : _ZwSetInformationKey@16
  Symbol name  : _ZwSetInformationObject@16
  Symbol name  : _ZwSetInformationProcess@16
  Symbol name  : _ZwSetInformationResourceManager@16
  Symbol name  : _ZwSetInformationThread@16
  Symbol name  : _ZwSetInformationToken@16
  Symbol name  : _ZwSetInformationTransaction@16
  Symbol name  : _ZwSetInformationTransactionManager@16
  Symbol name  : _ZwSetInformationWorkerFactory@16
  Symbol name  : _ZwSetIntervalProfile@8
  Symbol name  : _ZwSetIoCompletion@20
  Symbol name  : _ZwSetIoCompletionEx@24
  Symbol name  : _ZwSetLdtEntries@24
  Symbol name  : _ZwSetLowEventPair@4
  Symbol name  : _ZwSetLowWaitHighEventPair@4
  Symbol name  : _ZwSetQuotaInformationFile@16
  Symbol name  : _ZwSetSecurityObject@12
  Symbol name  : _ZwSetSystemEnvironmentValue@8
  Symbol name  : _ZwSetSystemEnvironmentValueEx@20
  Symbol name  : _ZwSetSystemInformation@12
  Symbol name  : _ZwSetSystemPowerState@12
  Symbol name  : _ZwSetSystemTime@8
  Symbol name  : _ZwSetThreadExecutionState@8
  Symbol name  : _ZwSetTimer@28
  Symbol name  : _ZwSetTimerEx@16
  Symbol name  : _ZwSetTimerResolution@12
  Symbol name  : _ZwSetUuidSeed@4
  Symbol name  : _ZwSetValueKey@24
  Symbol name  : _ZwSetVolumeInformationFile@20
  Symbol name  : _ZwShutdownSystem@4
  Symbol name  : _ZwShutdownWorkerFactory@8
  Symbol name  : _ZwSignalAndWaitForSingleObject@16
  Symbol name  : _ZwSinglePhaseReject@8
  Symbol name  : _ZwStartProfile@4
  Symbol name  : _ZwStopProfile@4
  Symbol name  : _ZwSuspendProcess@4
  Symbol name  : _ZwSuspendThread@8
  Symbol name  : _ZwSystemDebugControl@24
  Symbol name  : _ZwTerminateJobObject@8
  Symbol name  : _ZwTerminateProcess@8
  Symbol name  : _ZwTerminateThread@8
  Symbol name  : _ZwTestAlert@0
  Symbol name  : _ZwThawRegistry@0
  Symbol name  : _ZwThawTransactions@0
  Symbol name  : _ZwTraceControl@24
  Symbol name  : _ZwTraceEvent@16
  Symbol name  : _ZwTranslateFilePath@16
  Symbol name  : _ZwUmsThreadYield@4
  Symbol name  : _ZwUnloadDriver@4
  Symbol name  : _ZwUnloadKey@4
  Symbol name  : _ZwUnloadKey2@8
  Symbol name  : _ZwUnloadKeyEx@8
  Symbol name  : _ZwUnlockFile@20
  Symbol name  : _ZwUnlockVirtualMemory@16
  Symbol name  : _ZwUnmapViewOfSection@8
  Symbol name  : _ZwVdmControl@8
  Symbol name  : _ZwWaitForDebugEvent@16
  Symbol name  : _ZwWaitForKeyedEvent@16
  Symbol name  : _ZwWaitForMultipleObjects@20
  Symbol name  : _ZwWaitForMultipleObjects32@20
  Symbol name  : _ZwWaitForSingleObject@12
  Symbol name  : _ZwWaitForWorkViaWorkerFactory@8
  Symbol name  : _ZwWaitHighEventPair@4
  Symbol name  : _ZwWaitLowEventPair@4
  Symbol name  : _ZwWorkerFactoryWorkerReady@4
  Symbol name  : _ZwWriteFile@36
  Symbol name  : _ZwWriteFileGather@36
  Symbol name  : _ZwWriteRequestData@24
  Symbol name  : _ZwWriteVirtualMemory@20
  Symbol name  : _ZwYieldExecution@0
